<?xml version="1.0" encoding="UTF-8"?>
<!-- Generated by org.testng.reporters.JUnitXMLReporter -->
<testsuite hostname="WKS22218" ignored="0" name="Test" tests="1" failures="0" timestamp="10 Feb 2018 17:08:45 GMT" time="0.022" errors="0">
  <testcase name="@BeforeMethod verify_MemberActiveStatus" time="0.0" classname="com.jivaUAT2.testcases.Flow1">
    <failure type="org.testng.TestNGException" message="
Method verify_MemberActiveStatus requires 1 parameters but 2 were supplied in the BeforeMethod annotation.">
      <![CDATA[org.testng.TestNGException: Method verify_MemberActiveStatus requires 1 parameters but 2 were supplied in the BeforeMethod annotation.... Removed 25 stack frames]]>
    </failure>
  </testcase> <!-- @BeforeMethod verify_MemberActiveStatus -->
  <testcase name="@AfterMethod closeBrowser" time="0.0" classname="com.jivaUAT2.testcases.Flow1">
    <skipped/>
  </testcase> <!-- @AfterMethod closeBrowser -->
  <testcase name="verify_MemberDatafromfile_toScreen_ZU_60flow" time="0.0" classname="com.jivaUAT2.testcases.Flow1">
    <skipped/>
  </testcase> <!-- verify_MemberDatafromfile_toScreen_ZU_60flow -->
</testsuite> <!-- Test -->
