<html>
<head>
<title>TestNG:  Default test</title>
<link href="../testng.css" rel="stylesheet" type="text/css" />
<link href="../my-testng.css" rel="stylesheet" type="text/css" />

<style type="text/css">
.log { display: none;} 
.stack-trace { display: none;} 
</style>
<script type="text/javascript">
<!--
function flip(e) {
  current = e.style.display;
  if (current == 'block') {
    e.style.display = 'none';
    return 0;
  }
  else {
    e.style.display = 'block';
    return 1;
  }
}

function toggleBox(szDivId, elem, msg1, msg2)
{
  var res = -1;  if (document.getElementById) {
    res = flip(document.getElementById(szDivId));
  }
  else if (document.all) {
    // this is the way old msie versions work
    res = flip(document.all[szDivId]);
  }
  if(elem) {
    if(res == 0) elem.innerHTML = msg1; else elem.innerHTML = msg2;
  }

}

function toggleAllBoxes() {
  if (document.getElementsByTagName) {
    d = document.getElementsByTagName('div');
    for (i = 0; i < d.length; i++) {
      if (d[i].className == 'log') {
        flip(d[i]);
      }
    }
  }
}

// -->
</script>

</head>
<body>
<h2 align='center'>Default test</h2><table border='1' align="center">
<tr>
<td>Tests passed/Failed/Skipped:</td><td>0/1/0</td>
</tr><tr>
<td>Started on:</td><td>Wed Feb 28 22:06:59 CST 2018</td>
</tr>
<tr><td>Total time:</td><td>150 seconds (150571 ms)</td>
</tr><tr>
<td>Included groups:</td><td></td>
</tr><tr>
<td>Excluded groups:</td><td></td>
</tr>
</table><p/>
<small><i>(Hover the method name to see the test class name)</i></small><p/>
<table width='100%' border='1' class='invocation-failed'>
<tr><td colspan='4' align='center'><b>FAILED TESTS</b></td></tr>
<tr><td><b>Test method</b></td>
<td width="30%"><b>Exception</b></td>
<td width="10%"><b>Time (seconds)</b></td>
<td><b>Instance</b></td>
</tr>
<tr>
<td title='com.jivaUAT2.testcases.ZU_60_E2EIntegrationFlow_TC.verify_MemberData_fromfile_toScreen_ZU_60Integrationflow()'><b>verify_MemberData_fromfile_toScreen_ZU_60Integrationflow</b><br>Test class: com.jivaUAT2.testcases.ZU_60_E2EIntegrationFlow_TC<br>Test method: Verify Member data from the files with screendata and execute ZU-60 flow for CCM-Unable to reach member<br/>
<a href="#Output-2074658615" onClick='toggleBox("Output-2074658615", this, "Show output", "Hide output");'>Show output</a>

<a href="#Output-2074658615" onClick="toggleAllBoxes();">Show all outputs</a>
<div class='log' id="Output-2074658615">
Started execution for integration flow of #ZU-60_Unable to reach member# for the member in line #2 holding the Member Id: 000003433 and for the client: EHI<br><br/>
<font color='blue'>Expected Result: </font>000003433^EHI0NA<font color='blue'>  Actual Result: </font>000003433^EHI0NA<font color='brown'> Validation 1: Member Coverage ID validated against demographic file</font><br><br/>
<font color='blue'>Expected Result: </font>000003433^EHI0NA<font color='blue'>  Actual Result: </font>000003433^EHI0NA<font color='brown'> Validation 2: Member Coverage ID validated against address file</font><br><br/>
<font color='blue'>Expected Result: </font>000003433^EHI0NA<font color='blue'>  Actual Result: </font>000003433^EHI0NA<font color='brown'> Validation 3: Member Coverage ID validated against Coverage file</font><br><br/>
<font color='blue'>Expected Result: </font>000003433^EHI0NA<font color='blue'>  Actual Result: </font>000003433^EHI0NA<font color='brown'> Validation 4: Member Coverage ID validated against Member Phone file</font><br><br/>
<font color='blue'>Expected Result: </font>6182816560<font color='blue'>  Actual Result: </font>6182816560<font color='brown'> Validation 5: Member Phone Number validated against Member Phone file</font><br><br/>
<font color='blue'>Expected Result: </font>Graff<font color='blue'>  Actual Result: </font>Graff<font color='brown'> Validation 6: Member last name validated</font><br><br/>
<font color='blue'>Expected Result: </font>Dorothy<font color='blue'>  Actual Result: </font>Dorothy<font color='brown'> Validation 7: Member first name validated</font><br><br/>
<font color='blue'>Expected Result: </font>000003433<font color='blue'>  Actual Result: </font>000003433<font color='brown'> Validation 8: Member alternate id validated</font><br><br/>
<font color='blue'>Expected Result: </font>true<font color='blue'>  Actual Result: </font>true<font color='brown'> Validation 9: Member gender validated</font><br><br/>
<font color='blue'>Expected Result: </font>1938-10-21<font color='blue'>  Actual Result: </font>1938-10-21<font color='brown'> Validation 10: Member DOB validated</font><br><br/>
<font color='blue'>Expected Result: </font>HOME<font color='blue'>  Actual Result: </font>HOME<font color='brown'> Validation 11: Home Address type validated</font><br><br/>
<font color='blue'>Expected Result: </font>204 E. Jefferson St.<font color='blue'>  Actual Result: </font>204 E. Jefferson St.<font color='brown'> Validation 12: Home Address line 1 validated</font><br><br/>
<font color='blue'>Expected Result: </font>Columbia<font color='blue'>  Actual Result: </font>Columbia<font color='brown'> Validation 13: Home city validated</font><br><br/>
<font color='blue'>Expected Result: </font>IL<font color='blue'>  Actual Result: </font>IL<font color='brown'> Validation 14: Home state validated</font><br><br/>
<font color='blue'>Expected Result: </font>62236<font color='blue'>  Actual Result: </font>62236<font color='brown'> Validation 15: Home Zip validated</font><br><br/>
<font color='blue'>Expected Result: </font>USA<font color='blue'>  Actual Result: </font>USA<font color='brown'> Validation 16: Home country validated</font><br><br/>
<font color='blue'>Expected Result: </font>PRIMARY<font color='blue'>  Actual Result: </font>PRIMARY<font color='brown'> Validation 17: PRIMARY Address type validated</font><br><br/>
<font color='blue'>Expected Result: </font>204 E. Jefferson St.<font color='blue'>  Actual Result: </font>204 E. Jefferson St.<font color='brown'> Validation 18: PRIMARY Address line 1 validated</font><br><br/>
<font color='blue'>Expected Result: </font>Columbia<font color='blue'>  Actual Result: </font>Columbia<font color='brown'> Validation 19: PRIMARY city validated</font><br><br/>
<font color='blue'>Expected Result: </font>IL<font color='blue'>  Actual Result: </font>IL<font color='brown'> Validation 20: PRIMARY state validated</font><br><br/>
<font color='blue'>Expected Result: </font>62236<font color='blue'>  Actual Result: </font>62236<font color='brown'> Validation 21: PRIMARY Zip validated</font><br><br/>
<font color='blue'>Expected Result: </font>USA<font color='blue'>  Actual Result: </font>USA<font color='brown'> Validation 22: PRIMARY country validated</font><br><br/>
</div>
</td>
<td><div><pre>org.openqa.selenium.UnhandledAlertException: unexpected alert open: {Alert text : }
  (Session info: chrome=64.0.3282.186)
  (Driver info: chromedriver=2.34.522940 (1a76f96f66e3ca7b8e57d503b4dd3bccfba87af1),platform=Windows NT 10.0.15063 x86_64) (WARNING: The server did not provide any stacktrace information)
Command duration or timeout: 0 milliseconds: null
Build info: version: &apos;3.8.1&apos;, revision: &apos;6e95a6684b&apos;, time: &apos;2017-12-01T18:33:54.468Z&apos;
System info: host: &apos;WKS22218&apos;, ip: &apos;172.20.245.108&apos;, os.name: &apos;Windows 10&apos;, os.arch: &apos;amd64&apos;, os.version: &apos;10.0&apos;, java.version: &apos;1.8.0_151&apos;
Driver info: org.openqa.selenium.chrome.ChromeDriver
Capabilities {acceptSslCerts: true, applicationCacheEnabled: false, browserConnectionEnabled: false, browserName: chrome, chrome: {chromedriverVersion: 2.34.522940 (1a76f96f66e3ca..., userDataDir: C:\Users\VJAYAV~1\AppData\L...}, cssSelectorsEnabled: true, databaseEnabled: false, handlesAlerts: true, hasTouchScreen: false, javascriptEnabled: true, locationContextEnabled: true, mobileEmulationEnabled: false, nativeEvents: true, networkConnectionEnabled: false, pageLoadStrategy: normal, platform: XP, platformName: XP, rotatable: false, setWindowRect: true, takesHeapSnapshot: true, takesScreenshot: true, unexpectedAlertBehaviour: , unhandledPromptBehavior: , version: 64.0.3282.186, webStorageEnabled: true}
Session ID: b403ffb975d0e9d18cf01b42ff0134ba
	at sun.reflect.NativeConstructorAccessorImpl.newInstance0(Native Method)
	at sun.reflect.NativeConstructorAccessorImpl.newInstance(Unknown Source)
	at sun.reflect.DelegatingConstructorAccessorImpl.newInstance(Unknown Source)
	at java.lang.reflect.Constructor.newInstance(Unknown Source)
	at org.openqa.selenium.remote.ErrorHandler.createThrowable(ErrorHandler.java:214)
	at org.openqa.selenium.remote.ErrorHandler.throwIfResponseFailed(ErrorHandler.java:172)
	at org.openqa.selenium.remote.http.JsonHttpResponseCodec.reconstructValue(JsonHttpResponseCodec.java:40)
	at org.openqa.selenium.remote.http.AbstractHttpResponseCodec.decode(AbstractHttpResponseCodec.java:80)
	at org.openqa.selenium.remote.http.AbstractHttpResponseCodec.decode(AbstractHttpResponseCodec.java:44)
	at org.openqa.selenium.remote.HttpCommandExecutor.execute(HttpCommandExecutor.java:164)
	at org.openqa.selenium.remote.service.DriverCommandExecutor.execute(DriverCommandExecutor.java:83)
	at org.openqa.selenium.remote.RemoteWebDriver.execute(RemoteWebDriver.java:601)
	at org.openqa.selenium.remote.RemoteWebDriver.executeScript(RemoteWebDriver.java:537)
	at com.framework.utils.WebElements.clickUsingJs(WebElements.java:71)
	at com.jiva.pages.MemberOverviewPage.clickCurrentEpisodecogwheel(MemberOverviewPage.java:168)
	at com.jivaUAT2.testcases.ZU_60_E2EIntegrationFlow_TC.verify_MemberData_fromfile_toScreen_ZU_60Integrationflow(ZU_60_E2EIntegrationFlow_TC.java:187)
	at sun.reflect.NativeMethodAccessorImpl.invoke0(Native Method)
	at sun.reflect.NativeMethodAccessorImpl.invoke(Unknown Source)
	at sun.reflect.DelegatingMethodAccessorImpl.invoke(Unknown Source)
	at java.lang.reflect.Method.invoke(Unknown Source)
	at org.testng.internal.MethodInvocationHelper.invokeMethod(MethodInvocationHelper.java:80)
	at org.testng.internal.Invoker.invokeMethod(Invoker.java:714)
	at org.testng.internal.Invoker.invokeTestMethod(Invoker.java:901)
	at org.testng.internal.Invoker.invokeTestMethods(Invoker.java:1231)
	at org.testng.internal.TestMethodWorker.invokeTestMethods(TestMethodWorker.java:127)
	at org.testng.internal.TestMethodWorker.run(TestMethodWorker.java:111)
	at org.testng.TestRunner.privateRun(TestRunner.java:767)
	at org.testng.TestRunner.run(TestRunner.java:617)
	at org.testng.SuiteRunner.runTest(SuiteRunner.java:334)
	at org.testng.SuiteRunner.runSequentially(SuiteRunner.java:329)
	at org.testng.SuiteRunner.privateRun(SuiteRunner.java:291)
	at org.testng.SuiteRunner.run(SuiteRunner.java:240)
	at org.testng.SuiteRunnerWorker.runSuite(SuiteRunnerWorker.java:52)
	at org.testng.SuiteRunnerWorker.run(SuiteRunnerWorker.java:86)
	at org.testng.TestNG.runSuitesSequentially(TestNG.java:1198)
	at org.testng.TestNG.runSuitesLocally(TestNG.java:1123)
	at org.testng.TestNG.run(TestNG.java:1031)
	at org.testng.remote.AbstractRemoteTestNG.run(AbstractRemoteTestNG.java:114)
	at org.testng.remote.RemoteTestNG.initAndRun(RemoteTestNG.java:251)
	at org.testng.remote.RemoteTestNG.main(RemoteTestNG.java:77)
</pre></div><a href='#' onClick='toggleBox("stack-trace2074658615", this, "Click to show all stack frames", "Click to hide stack frames")'>Click to show all stack frames</a>
<div class='stack-trace' id='stack-trace2074658615'><pre>org.openqa.selenium.UnhandledAlertException: unexpected alert open: {Alert text : }
  (Session info: chrome=64.0.3282.186)
  (Driver info: chromedriver=2.34.522940 (1a76f96f66e3ca7b8e57d503b4dd3bccfba87af1),platform=Windows NT 10.0.15063 x86_64) (WARNING: The server did not provide any stacktrace information)
Command duration or timeout: 0 milliseconds: null
Build info: version: &apos;3.8.1&apos;, revision: &apos;6e95a6684b&apos;, time: &apos;2017-12-01T18:33:54.468Z&apos;
System info: host: &apos;WKS22218&apos;, ip: &apos;172.20.245.108&apos;, os.name: &apos;Windows 10&apos;, os.arch: &apos;amd64&apos;, os.version: &apos;10.0&apos;, java.version: &apos;1.8.0_151&apos;
Driver info: org.openqa.selenium.chrome.ChromeDriver
Capabilities {acceptSslCerts: true, applicationCacheEnabled: false, browserConnectionEnabled: false, browserName: chrome, chrome: {chromedriverVersion: 2.34.522940 (1a76f96f66e3ca..., userDataDir: C:\Users\VJAYAV~1\AppData\L...}, cssSelectorsEnabled: true, databaseEnabled: false, handlesAlerts: true, hasTouchScreen: false, javascriptEnabled: true, locationContextEnabled: true, mobileEmulationEnabled: false, nativeEvents: true, networkConnectionEnabled: false, pageLoadStrategy: normal, platform: XP, platformName: XP, rotatable: false, setWindowRect: true, takesHeapSnapshot: true, takesScreenshot: true, unexpectedAlertBehaviour: , unhandledPromptBehavior: , version: 64.0.3282.186, webStorageEnabled: true}
Session ID: b403ffb975d0e9d18cf01b42ff0134ba
	at sun.reflect.NativeConstructorAccessorImpl.newInstance0(Native Method)
	at sun.reflect.NativeConstructorAccessorImpl.newInstance(Unknown Source)
	at sun.reflect.DelegatingConstructorAccessorImpl.newInstance(Unknown Source)
	at java.lang.reflect.Constructor.newInstance(Unknown Source)
	at org.openqa.selenium.remote.ErrorHandler.createThrowable(ErrorHandler.java:214)
	at org.openqa.selenium.remote.ErrorHandler.throwIfResponseFailed(ErrorHandler.java:172)
	at org.openqa.selenium.remote.http.JsonHttpResponseCodec.reconstructValue(JsonHttpResponseCodec.java:40)
	at org.openqa.selenium.remote.http.AbstractHttpResponseCodec.decode(AbstractHttpResponseCodec.java:80)
	at org.openqa.selenium.remote.http.AbstractHttpResponseCodec.decode(AbstractHttpResponseCodec.java:44)
	at org.openqa.selenium.remote.HttpCommandExecutor.execute(HttpCommandExecutor.java:164)
	at org.openqa.selenium.remote.service.DriverCommandExecutor.execute(DriverCommandExecutor.java:83)
	at org.openqa.selenium.remote.RemoteWebDriver.execute(RemoteWebDriver.java:601)
	at org.openqa.selenium.remote.RemoteWebDriver.executeScript(RemoteWebDriver.java:537)
	at com.framework.utils.WebElements.clickUsingJs(WebElements.java:71)
	at com.jiva.pages.MemberOverviewPage.clickCurrentEpisodecogwheel(MemberOverviewPage.java:168)
	at com.jivaUAT2.testcases.ZU_60_E2EIntegrationFlow_TC.verify_MemberData_fromfile_toScreen_ZU_60Integrationflow(ZU_60_E2EIntegrationFlow_TC.java:187)
	at sun.reflect.NativeMethodAccessorImpl.invoke0(Native Method)
	at sun.reflect.NativeMethodAccessorImpl.invoke(Unknown Source)
	at sun.reflect.DelegatingMethodAccessorImpl.invoke(Unknown Source)
	at java.lang.reflect.Method.invoke(Unknown Source)
	at org.testng.internal.MethodInvocationHelper.invokeMethod(MethodInvocationHelper.java:80)
	at org.testng.internal.Invoker.invokeMethod(Invoker.java:714)
	at org.testng.internal.Invoker.invokeTestMethod(Invoker.java:901)
	at org.testng.internal.Invoker.invokeTestMethods(Invoker.java:1231)
	at org.testng.internal.TestMethodWorker.invokeTestMethods(TestMethodWorker.java:127)
	at org.testng.internal.TestMethodWorker.run(TestMethodWorker.java:111)
	at org.testng.TestRunner.privateRun(TestRunner.java:767)
	at org.testng.TestRunner.run(TestRunner.java:617)
	at org.testng.SuiteRunner.runTest(SuiteRunner.java:334)
	at org.testng.SuiteRunner.runSequentially(SuiteRunner.java:329)
	at org.testng.SuiteRunner.privateRun(SuiteRunner.java:291)
	at org.testng.SuiteRunner.run(SuiteRunner.java:240)
	at org.testng.SuiteRunnerWorker.runSuite(SuiteRunnerWorker.java:52)
	at org.testng.SuiteRunnerWorker.run(SuiteRunnerWorker.java:86)
	at org.testng.TestNG.runSuitesSequentially(TestNG.java:1198)
	at org.testng.TestNG.runSuitesLocally(TestNG.java:1123)
	at org.testng.TestNG.run(TestNG.java:1031)
	at org.testng.remote.AbstractRemoteTestNG.run(AbstractRemoteTestNG.java:114)
	at org.testng.remote.RemoteTestNG.initAndRun(RemoteTestNG.java:251)
	at org.testng.remote.RemoteTestNG.main(RemoteTestNG.java:77)
</pre></div></td>
<td>131</td>
<td>com.jivaUAT2.testcases.ZU_60_E2EIntegrationFlow_TC@2b9627bc</td></tr>
</table><p>
</body>
</html>